#
# A fatal error has been detected by the Java Runtime Environment:
#
#  EXCEPTION_ACCESS_VIOLATION (0xc0000005) at pc=0x000000005d038b38, pid=7864, tid=0x0000000000001c68
#
# JRE version: OpenJDK Runtime Environment (8.0_152-b06) (build 1.8.0_152-release-1136-b06)
# Java VM: OpenJDK 64-Bit Server VM (25.152-b06 mixed mode windows-amd64 compressed oops)
# Problematic frame:
# V  [jvm.dll+0x468b38]
#
# Failed to write core dump. Minidumps are not enabled by default on client versions of Windows
#
# If you would like to submit a bug report, please visit:
#   http://bugreport.java.com/bugreport/crash.jsp
#

---------------  T H R E A D  ---------------

Current thread (0x0000000015d3a000):  JavaThread "C2 CompilerThread2" daemon [_thread_in_native, id=7272, stack(0x00000000185e0000,0x00000000186e0000)]

siginfo: ExceptionCode=0xc0000005, writing address 0x000000005d3b61c0

Registers:
RAX=0x0000000000229090, RBX=0x000000002026fad0, RCX=0x0000000000000000, RDX=0x0000000000229090
RSP=0x00000000186dc520, RBP=0x00000000186dc9a0, RSI=0x00000000186dc6b0, RDI=0x0000000000001304
R8 =0x0000000000000010, R9 =0x000000005d3b61c0, R10=0x000000005cbd0000, R11=0x00000000000000e9
R12=0x000000005d3961c0, R13=0x000000005cbd0000, R14=0x000000005cbd0000, R15=0x0000000000000000
RIP=0x000000005d038b38, EFLAGS=0x0000000000010206

Top of Stack: (sp=0x00000000186dc520)
0x00000000186dc520:   00000000202a4050 0000000020654210
0x00000000186dc530:   00000000186dc9a0 00000000186dc6b0
0x00000000186dc540:   00000dc500000000 0000000000000007
0x00000000186dc550:   0000000018ce9b00 000000000000000e
0x00000000186dc560:   0000000018fddb48 000000000000002f
0x00000000186dc570:   00000000202a42d0 000000001f4cb7b0
0x00000000186dc580:   0000000000007535 ffffffffffffffff
0x00000000186dc590:   0000000000000002 000000005d003144
0x00000000186dc5a0:   0000000020654210 00000000186dc9a0
0x00000000186dc5b0:   0000000000001304 00000000000be1e0
0x00000000186dc5c0:   0000130700000000 0000000000000008
0x00000000186dc5d0:   0000000018ce99a0 000000000000002f
0x00000000186dc5e0:   0000000018fdd9d0 000000000000002f
0x00000000186dc5f0:   00000000202a4230 0000000000000000
0x00000000186dc600:   00000000190f4208 0000000000000000
0x00000000186dc610:   00000000000003d8 00000000190f3e30 

Instructions: (pc=0x000000005d038b38)
0x000000005d038b18:   d7 8b cf 41 b8 01 00 00 00 c1 ea 05 83 e1 1f 83
0x000000005d038b28:   e2 07 41 d3 e0 8b ca 41 8b 14 91 8b c2 41 0b c0
0x000000005d038b38:   41 89 04 89 41 85 d0 0f 85 4b ff ff ff ff 03 e9
0x000000005d038b48:   44 ff ff ff 48 8b 9c 24 80 00 00 00 4c 8d 5c 24 


Register to memory mapping:

RAX=0x0000000000229090 is an unknown value
RBX=0x000000002026fad0 is an unknown value
RCX=0x0000000000000000 is an unknown value
RDX=0x0000000000229090 is an unknown value
RSP=0x00000000186dc520 is pointing into the stack for thread: 0x0000000015d3a000
RBP=0x00000000186dc9a0 is pointing into the stack for thread: 0x0000000015d3a000
RSI=0x00000000186dc6b0 is pointing into the stack for thread: 0x0000000015d3a000
RDI=0x0000000000001304 is an unknown value
R8 =0x0000000000000010 is an unknown value
R9 =0x000000005d3b61c0 is an unknown value
R10=0x000000005cbd0000 is an unknown value
R11=0x00000000000000e9 is an unknown value
R12=0x000000005d3961c0 is an unknown value
R13=0x000000005cbd0000 is an unknown value
R14=0x000000005cbd0000 is an unknown value
R15=0x0000000000000000 is an unknown value


Stack: [0x00000000185e0000,0x00000000186e0000],  sp=0x00000000186dc520,  free space=1009k
Native frames: (J=compiled Java code, j=interpreted, Vv=VM code, C=native code)
V  [jvm.dll+0x468b38]
V  [jvm.dll+0x433144]
V  [jvm.dll+0x434c7c]
V  [jvm.dll+0x43f99b]
V  [jvm.dll+0x44226e]
V  [jvm.dll+0x4252c2]
V  [jvm.dll+0x813d8]
V  [jvm.dll+0x81d0f]
V  [jvm.dll+0x21d41f]
V  [jvm.dll+0x26d9aa]
C  [msvcr100.dll+0x21d9f]
C  [msvcr100.dll+0x21e3b]
C  [KERNEL32.DLL+0x13d2]
C  [ntdll.dll+0x154e4]


Current CompileTask:
C2:   2383 1778   !   4       java.net.URLClassLoader$1::run (63 bytes)


---------------  P R O C E S S  ---------------

Java Threads: ( => current thread )
  0x0000000019fa3000 JavaThread "Cache worker for file hash cache (C:\Piedraverde\Databasing\.gradle\4.6\fileHashes)" [_thread_blocked, id=1816, stack(0x000000001c8e0000,0x000000001c9e0000)]
  0x0000000019f87800 JavaThread "File lock request listener" [_thread_in_native, id=7996, stack(0x000000001b810000,0x000000001b910000)]
  0x0000000019c99000 JavaThread "Cache worker for file hash cache (C:\Users\Mich\.gradle\caches\4.6\fileHashes)" [_thread_blocked, id=2516, stack(0x000000001b710000,0x000000001b810000)]
  0x0000000019c54000 JavaThread "Stdin handler" [_thread_blocked, id=3424, stack(0x000000001b310000,0x000000001b410000)]
  0x0000000019efe000 JavaThread "Asynchronous log dispatcher for DefaultDaemonConnection: socket connection from /127.0.0.1:60924 to /127.0.0.1:60925" [_thread_blocked, id=4260, stack(0x000000001b210000,0x000000001b310000)]
  0x0000000019efc000 JavaThread "Daemon worker" [_thread_in_Java, id=4256, stack(0x000000001b110000,0x000000001b210000)]
  0x0000000019f02000 JavaThread "Cancel handler" [_thread_blocked, id=7968, stack(0x000000001b010000,0x000000001b110000)]
  0x0000000019ea6000 JavaThread "Handler for socket connection from /127.0.0.1:60924 to /127.0.0.1:60925" [_thread_in_native, id=7708, stack(0x000000001ad10000,0x000000001ae10000)]
  0x0000000019ea5800 JavaThread "Daemon" [_thread_blocked, id=7556, stack(0x000000001ac10000,0x000000001ad10000)]
  0x0000000019bdd000 JavaThread "Daemon periodic checks" [_thread_blocked, id=3648, stack(0x000000001ab10000,0x000000001ac10000)]
  0x0000000019c34000 JavaThread "Incoming local TCP Connector on port 60924" [_thread_in_native, id=2688, stack(0x000000001a690000,0x000000001a790000)]
  0x0000000017cbd800 JavaThread "Service Thread" daemon [_thread_blocked, id=4196, stack(0x00000000187e0000,0x00000000188e0000)]
  0x0000000017c38800 JavaThread "C1 CompilerThread3" daemon [_thread_in_vm, id=3720, stack(0x00000000186e0000,0x00000000187e0000)]
=>0x0000000015d3a000 JavaThread "C2 CompilerThread2" daemon [_thread_in_native, id=7272, stack(0x00000000185e0000,0x00000000186e0000)]
  0x0000000017c32000 JavaThread "C2 CompilerThread1" daemon [_thread_in_native, id=6180, stack(0x00000000184e0000,0x00000000185e0000)]
  0x0000000017c2e800 JavaThread "C2 CompilerThread0" daemon [_thread_in_native, id=7644, stack(0x00000000183e0000,0x00000000184e0000)]
  0x0000000017c2d800 JavaThread "Attach Listener" daemon [_thread_blocked, id=4660, stack(0x00000000182e0000,0x00000000183e0000)]
  0x0000000017c2a800 JavaThread "Signal Dispatcher" daemon [_thread_blocked, id=3392, stack(0x00000000181e0000,0x00000000182e0000)]
  0x0000000001f6e000 JavaThread "Finalizer" daemon [_thread_blocked, id=7856, stack(0x0000000018000000,0x0000000018100000)]
  0x0000000001f67000 JavaThread "Reference Handler" daemon [_thread_blocked, id=6588, stack(0x0000000017b00000,0x0000000017c00000)]
  0x0000000001e6d800 JavaThread "main" [_thread_blocked, id=5300, stack(0x0000000001c80000,0x0000000001d80000)]

Other Threads:
  0x0000000015d25000 VMThread [stack: 0x0000000017a00000,0x0000000017b00000] [id=8104]
  0x0000000017cbe000 WatcherThread [stack: 0x00000000188e0000,0x00000000189e0000] [id=3104]

VM state:not at safepoint (normal execution)

VM Mutex/Monitor currently owned by a thread: None

Heap:
 PSYoungGen      total 138240K, used 67288K [0x00000000e0000000, 0x00000000e8c00000, 0x0000000100000000)
  eden space 133120K, 50% used [0x00000000e0000000,0x00000000e41b6260,0x00000000e8200000)
  from space 5120K, 0% used [0x00000000e8700000,0x00000000e8700000,0x00000000e8c00000)
  to   space 5120K, 0% used [0x00000000e8200000,0x00000000e8200000,0x00000000e8700000)
 ParOldGen       total 64512K, used 8340K [0x00000000a0000000, 0x00000000a3f00000, 0x00000000e0000000)
  object space 64512K, 12% used [0x00000000a0000000,0x00000000a08252c8,0x00000000a3f00000)
 Metaspace       used 26521K, capacity 26958K, committed 27136K, reserved 1073152K
  class space    used 3638K, capacity 3797K, committed 3840K, reserved 1048576K

Card table byte_map: [0x0000000011330000,0x0000000011640000] byte_map_base: 0x0000000010e30000

Marking Bits: (ParMarkBitMap*) 0x000000005d395aa0
 Begin Bits: [0x0000000012040000, 0x0000000013840000)
 End Bits:   [0x0000000013840000, 0x0000000015040000)

Polling page: 0x00000000004b0000

CodeCache: size=245760Kb used=8236Kb max_used=8236Kb free=237524Kb
 bounds [0x0000000001f70000, 0x0000000002780000, 0x0000000010f70000]
 total_blobs=2774 nmethods=2121 adapters=566
 compilation: enabled

Compilation events (10 events):
Event: 2.271 Thread 0x0000000017c38800 2046       3       java.io.ObjectOutputStream::writeByte (9 bytes)
Event: 2.271 Thread 0x0000000017c38800 nmethod 2046 0x0000000002735290 code [0x0000000002735400, 0x00000000027356a8]
Event: 2.273 Thread 0x0000000017c2e800 2048       4       java.util.ArrayList::<init> (12 bytes)
Event: 2.273 Thread 0x0000000017c2e800 nmethod 2048 0x0000000002735050 code [0x0000000002735180, 0x00000000027351f8]
Event: 2.274 Thread 0x0000000017c38800 2049       1       org.gradle.model.internal.core.ModelReference::getState (5 bytes)
Event: 2.274 Thread 0x0000000017c38800 nmethod 2049 0x0000000002739e10 code [0x0000000002739f60, 0x000000000273a070]
Event: 2.275 Thread 0x0000000017c38800 2050       1       org.gradle.model.internal.core.ModelReference::getScope (5 bytes)
Event: 2.275 Thread 0x0000000017c38800 nmethod 2050 0x0000000002739b50 code [0x0000000002739ca0, 0x0000000002739db0]
Event: 2.275 Thread 0x0000000017c38800 2051       1       org.gradle.model.internal.registry.ModelNodeInternal::getState (5 bytes)
Event: 2.275 Thread 0x0000000017c38800 nmethod 2051 0x0000000002739890 code [0x00000000027399e0, 0x0000000002739af0]

GC Heap History (10 events):
Event: 0.538 GC heap before
{Heap before GC invocations=1 (full 0):
 PSYoungGen      total 38400K, used 33280K [0x00000000e0000000, 0x00000000e2a80000, 0x0000000100000000)
  eden space 33280K, 100% used [0x00000000e0000000,0x00000000e2080000,0x00000000e2080000)
  from space 5120K, 0% used [0x00000000e2580000,0x00000000e2580000,0x00000000e2a80000)
  to   space 5120K, 0% used [0x00000000e2080000,0x00000000e2080000,0x00000000e2580000)
 ParOldGen       total 87552K, used 0K [0x00000000a0000000, 0x00000000a5580000, 0x00000000e0000000)
  object space 87552K, 0% used [0x00000000a0000000,0x00000000a0000000,0x00000000a5580000)
 Metaspace       used 6937K, capacity 7046K, committed 7168K, reserved 1056768K
  class space    used 845K, capacity 907K, committed 1024K, reserved 1048576K
Event: 0.547 GC heap after
Heap after GC invocations=1 (full 0):
 PSYoungGen      total 38400K, used 4270K [0x00000000e0000000, 0x00000000e4b00000, 0x0000000100000000)
  eden space 33280K, 0% used [0x00000000e0000000,0x00000000e0000000,0x00000000e2080000)
  from space 5120K, 83% used [0x00000000e2080000,0x00000000e24ab9f8,0x00000000e2580000)
  to   space 5120K, 0% used [0x00000000e4600000,0x00000000e4600000,0x00000000e4b00000)
 ParOldGen       total 87552K, used 8K [0x00000000a0000000, 0x00000000a5580000, 0x00000000e0000000)
  object space 87552K, 0% used [0x00000000a0000000,0x00000000a0002000,0x00000000a5580000)
 Metaspace       used 6937K, capacity 7046K, committed 7168K, reserved 1056768K
  class space    used 845K, capacity 907K, committed 1024K, reserved 1048576K
}
Event: 0.995 GC heap before
{Heap before GC invocations=2 (full 0):
 PSYoungGen      total 38400K, used 37550K [0x00000000e0000000, 0x00000000e4b00000, 0x0000000100000000)
  eden space 33280K, 100% used [0x00000000e0000000,0x00000000e2080000,0x00000000e2080000)
  from space 5120K, 83% used [0x00000000e2080000,0x00000000e24ab9f8,0x00000000e2580000)
  to   space 5120K, 0% used [0x00000000e4600000,0x00000000e4600000,0x00000000e4b00000)
 ParOldGen       total 87552K, used 8K [0x00000000a0000000, 0x00000000a5580000, 0x00000000e0000000)
  object space 87552K, 0% used [0x00000000a0000000,0x00000000a0002000,0x00000000a5580000)
 Metaspace       used 10829K, capacity 11008K, committed 11264K, reserved 1058816K
  class space    used 1416K, capacity 1518K, committed 1536K, reserved 1048576K
Event: 1.000 GC heap after
Heap after GC invocations=2 (full 0):
 PSYoungGen      total 71680K, used 5100K [0x00000000e0000000, 0x00000000e4b00000, 0x0000000100000000)
  eden space 66560K, 0% used [0x00000000e0000000,0x00000000e0000000,0x00000000e4100000)
  from space 5120K, 99% used [0x00000000e4600000,0x00000000e4afb1e8,0x00000000e4b00000)
  to   space 5120K, 0% used [0x00000000e4100000,0x00000000e4100000,0x00000000e4600000)
 ParOldGen       total 87552K, used 248K [0x00000000a0000000, 0x00000000a5580000, 0x00000000e0000000)
  object space 87552K, 0% used [0x00000000a0000000,0x00000000a003e258,0x00000000a5580000)
 Metaspace       used 10829K, capacity 11008K, committed 11264K, reserved 1058816K
  class space    used 1416K, capacity 1518K, committed 1536K, reserved 1048576K
}
Event: 1.562 GC heap before
{Heap before GC invocations=3 (full 0):
 PSYoungGen      total 71680K, used 71660K [0x00000000e0000000, 0x00000000e4b00000, 0x0000000100000000)
  eden space 66560K, 100% used [0x00000000e0000000,0x00000000e4100000,0x00000000e4100000)
  from space 5120K, 99% used [0x00000000e4600000,0x00000000e4afb1e8,0x00000000e4b00000)
  to   space 5120K, 0% used [0x00000000e4100000,0x00000000e4100000,0x00000000e4600000)
 ParOldGen       total 87552K, used 248K [0x00000000a0000000, 0x00000000a5580000, 0x00000000e0000000)
  object space 87552K, 0% used [0x00000000a0000000,0x00000000a003e258,0x00000000a5580000)
 Metaspace       used 17188K, capacity 17522K, committed 17792K, reserved 1064960K
  class space    used 2484K, capacity 2610K, committed 2688K, reserved 1048576K
Event: 1.570 GC heap after
Heap after GC invocations=3 (full 0):
 PSYoungGen      total 71680K, used 5104K [0x00000000e0000000, 0x00000000e8c00000, 0x0000000100000000)
  eden space 66560K, 0% used [0x00000000e0000000,0x00000000e0000000,0x00000000e4100000)
  from space 5120K, 99% used [0x00000000e4100000,0x00000000e45fc010,0x00000000e4600000)
  to   space 5120K, 0% used [0x00000000e8700000,0x00000000e8700000,0x00000000e8c00000)
 ParOldGen       total 87552K, used 5956K [0x00000000a0000000, 0x00000000a5580000, 0x00000000e0000000)
  object space 87552K, 6% used [0x00000000a0000000,0x00000000a05d11c8,0x00000000a5580000)
 Metaspace       used 17188K, capacity 17522K, committed 17792K, reserved 1064960K
  class space    used 2484K, capacity 2610K, committed 2688K, reserved 1048576K
}
Event: 1.799 GC heap before
{Heap before GC invocations=4 (full 0):
 PSYoungGen      total 71680K, used 25181K [0x00000000e0000000, 0x00000000e8c00000, 0x0000000100000000)
  eden space 66560K, 30% used [0x00000000e0000000,0x00000000e139b5c0,0x00000000e4100000)
  from space 5120K, 99% used [0x00000000e4100000,0x00000000e45fc010,0x00000000e4600000)
  to   space 5120K, 0% used [0x00000000e8700000,0x00000000e8700000,0x00000000e8c00000)
 ParOldGen       total 87552K, used 5956K [0x00000000a0000000, 0x00000000a5580000, 0x00000000e0000000)
  object space 87552K, 6% used [0x00000000a0000000,0x00000000a05d11c8,0x00000000a5580000)
 Metaspace       used 20872K, capacity 21236K, committed 21248K, reserved 1067008K
  class space    used 2926K, capacity 3072K, committed 3072K, reserved 1048576K
Event: 1.808 GC heap after
Heap after GC invocations=4 (full 0):
 PSYoungGen      total 138240K, used 5110K [0x00000000e0000000, 0x00000000e8c00000, 0x0000000100000000)
  eden space 133120K, 0% used [0x00000000e0000000,0x00000000e0000000,0x00000000e8200000)
  from space 5120K, 99% used [0x00000000e8700000,0x00000000e8bfda08,0x00000000e8c00000)
  to   space 5120K, 0% used [0x00000000e8200000,0x00000000e8200000,0x00000000e8700000)
 ParOldGen       total 87552K, used 9013K [0x00000000a0000000, 0x00000000a5580000, 0x00000000e0000000)
  object space 87552K, 10% used [0x00000000a0000000,0x00000000a08cd778,0x00000000a5580000)
 Metaspace       used 20872K, capacity 21236K, committed 21248K, reserved 1067008K
  class space    used 2926K, capacity 3072K, committed 3072K, reserved 1048576K
}
Event: 1.809 GC heap before
{Heap before GC invocations=5 (full 1):
 PSYoungGen      total 138240K, used 5110K [0x00000000e0000000, 0x00000000e8c00000, 0x0000000100000000)
  eden space 133120K, 0% used [0x00000000e0000000,0x00000000e0000000,0x00000000e8200000)
  from space 5120K, 99% used [0x00000000e8700000,0x00000000e8bfda08,0x00000000e8c00000)
  to   space 5120K, 0% used [0x00000000e8200000,0x00000000e8200000,0x00000000e8700000)
 ParOldGen       total 87552K, used 9013K [0x00000000a0000000, 0x00000000a5580000, 0x00000000e0000000)
  object space 87552K, 10% used [0x00000000a0000000,0x00000000a08cd778,0x00000000a5580000)
 Metaspace       used 20872K, capacity 21236K, committed 21248K, reserved 1067008K
  class space    used 2926K, capacity 3072K, committed 3072K, reserved 1048576K
Event: 1.843 GC heap after
Heap after GC invocations=5 (full 1):
 PSYoungGen      total 138240K, used 0K [0x00000000e0000000, 0x00000000e8c00000, 0x0000000100000000)
  eden space 133120K, 0% used [0x00000000e0000000,0x00000000e0000000,0x00000000e8200000)
  from space 5120K, 0% used [0x00000000e8700000,0x00000000e8700000,0x00000000e8c00000)
  to   space 5120K, 0% used [0x00000000e8200000,0x00000000e8200000,0x00000000e8700000)
 ParOldGen       total 64512K, used 8340K [0x00000000a0000000, 0x00000000a3f00000, 0x00000000e0000000)
  object space 64512K, 12% used [0x00000000a0000000,0x00000000a08252c8,0x00000000a3f00000)
 Metaspace       used 20872K, capacity 21236K, committed 21248K, reserved 1067008K
  class space    used 2926K, capacity 3072K, committed 3072K, reserved 1048576K
}

Deoptimization events (10 events):
Event: 2.062 Thread 0x0000000019efc000 Uncommon trap: reason=unstable_if action=reinterpret pc=0x00000000023750a0 method=java.util.HashMap.hash(Ljava/lang/Object;)I @ 1
Event: 2.062 Thread 0x0000000019efc000 Uncommon trap: reason=unstable_if action=reinterpret pc=0x000000000224bba8 method=java.util.HashMap.hash(Ljava/lang/Object;)I @ 1
Event: 2.114 Thread 0x0000000019efc000 Uncommon trap: reason=unstable_if action=reinterpret pc=0x0000000002368f3c method=java.util.HashMap.getNode(ILjava/lang/Object;)Ljava/util/HashMap$Node; @ 53
Event: 2.114 Thread 0x0000000019efc000 Uncommon trap: reason=unstable_if action=reinterpret pc=0x000000000226a630 method=java.util.HashMap.hash(Ljava/lang/Object;)I @ 1
Event: 2.114 Thread 0x0000000019efc000 Uncommon trap: reason=unstable_if action=reinterpret pc=0x00000000023c485c method=java.util.HashMap.putVal(ILjava/lang/Object;Ljava/lang/Object;ZZ)Ljava/lang/Object; @ 85
Event: 2.124 Thread 0x0000000019efc000 Uncommon trap: reason=class_check action=maybe_recompile pc=0x00000000024e2600 method=java.lang.reflect.Method.equals(Ljava/lang/Object;)Z @ 5
Event: 2.126 Thread 0x0000000019efc000 Uncommon trap: reason=class_check action=maybe_recompile pc=0x00000000024e2600 method=java.lang.reflect.Method.equals(Ljava/lang/Object;)Z @ 5
Event: 2.174 Thread 0x0000000019efc000 Uncommon trap: reason=unstable_if action=reinterpret pc=0x0000000002216030 method=java.util.LinkedHashMap.afterNodeInsertion(Z)V @ 1
Event: 2.187 Thread 0x0000000019efc000 Uncommon trap: reason=class_check action=maybe_recompile pc=0x00000000024e2600 method=java.lang.reflect.Method.equals(Ljava/lang/Object;)Z @ 5
Event: 2.188 Thread 0x0000000019efc000 Uncommon trap: reason=class_check action=maybe_recompile pc=0x00000000024e2600 method=java.lang.reflect.Method.equals(Ljava/lang/Object;)Z @ 5

Classes redefined (0 events):
No events

Internal exceptions (10 events):
Event: 1.984 Thread 0x0000000019efc000 Exception <a 'java/lang/ClassNotFoundException': org/gradle/api/internal/project/AbstractPluginAwareCustomizer> (0x00000000e0ee1658) thrown at [D:\src\AOSP-openjdk-cygwin\jdk8u\hotspot\src\share\vm\classfile\systemDictionary.cpp, line 210]
Event: 1.985 Thread 0x0000000019efc000 Exception <a 'java/lang/ClassNotFoundException': org/gradle/initialization/DefaultSettingsCustomizer> (0x00000000e0f0f580) thrown at [D:\src\AOSP-openjdk-cygwin\jdk8u\hotspot\src\share\vm\classfile\systemDictionary.cpp, line 210]
Event: 1.988 Thread 0x0000000019efc000 Exception <a 'java/lang/ClassNotFoundException': org/gradle/initialization/DefaultSettings_DecoratedCustomizer> (0x00000000e0f745b0) thrown at [D:\src\AOSP-openjdk-cygwin\jdk8u\hotspot\src\share\vm\classfile\systemDictionary.cpp, line 210]
Event: 1.998 Thread 0x0000000019efc000 Exception <a 'java/lang/NoSuchMethodError': <clinit>> (0x00000000e1027068) thrown at [D:\src\AOSP-openjdk-cygwin\jdk8u\hotspot\src\share\vm\prims\jni.cpp, line 1613]
Event: 1.999 Thread 0x0000000019efc000 Exception <a 'java/lang/NoSuchMethodError': <clinit>> (0x00000000e104c8f0) thrown at [D:\src\AOSP-openjdk-cygwin\jdk8u\hotspot\src\share\vm\prims\jni.cpp, line 1613]
Event: 2.000 Thread 0x0000000019efc000 Exception <a 'java/lang/NoSuchMethodError': <clinit>> (0x00000000e104dda8) thrown at [D:\src\AOSP-openjdk-cygwin\jdk8u\hotspot\src\share\vm\prims\jni.cpp, line 1613]
Event: 2.000 Thread 0x0000000019efc000 Exception <a 'java/lang/NoSuchMethodError': <clinit>> (0x00000000e104fb08) thrown at [D:\src\AOSP-openjdk-cygwin\jdk8u\hotspot\src\share\vm\prims\jni.cpp, line 1613]
Event: 2.062 Thread 0x0000000019efc000 Implicit null exception at 0x0000000002374e95 to 0x0000000002375091
Event: 2.062 Thread 0x0000000019efc000 Implicit null exception at 0x000000000224bb2f to 0x000000000224bb99
Event: 2.114 Thread 0x0000000019efc000 Implicit null exception at 0x000000000226a598 to 0x000000000226a626

Events (10 events):
Event: 2.273 loading class org/gradle/api/tasks/diagnostics/AbstractReportTask
Event: 2.273 loading class org/gradle/api/tasks/diagnostics/AbstractReportTask done
Event: 2.274 loading class org/gradle/api/internal/ConventionTask
Event: 2.274 loading class org/gradle/api/internal/ConventionTask done
Event: 2.274 loading class org/gradle/api/tasks/diagnostics/TaskReportTask
Event: 2.274 loading class org/gradle/api/tasks/diagnostics/TaskReportTask done
Event: 2.275 loading class org/gradle/api/tasks/diagnostics/PropertyReportTask
Event: 2.275 loading class org/gradle/api/tasks/diagnostics/PropertyReportTask done
Event: 2.275 loading class org/gradle/api/tasks/diagnostics/DependencyInsightReportTask
Event: 2.275 loading class org/gradle/api/tasks/diagnostics/DependencyInsightReportTask done


Dynamic libraries:
0x00007ff679a30000 - 0x00007ff679a61000 	C:\Program Files\Android\Android Studio\jre\bin\java.exe
0x00007ffe20520000 - 0x00007ffe206cd000 	C:\WINDOWS\SYSTEM32\ntdll.dll
0x00007ffe1f440000 - 0x00007ffe1f57e000 	C:\WINDOWS\system32\KERNEL32.DLL
0x00007ffe1d7c0000 - 0x00007ffe1d8d5000 	C:\WINDOWS\system32\KERNELBASE.dll
0x00007ffe1fc90000 - 0x00007ffe1fd3a000 	C:\WINDOWS\system32\ADVAPI32.dll
0x00007ffe1db70000 - 0x00007ffe1dce7000 	C:\WINDOWS\system32\USER32.dll
0x00007ffe1b2a0000 - 0x00007ffe1b51b000 	C:\WINDOWS\WinSxS\amd64_microsoft.windows.common-controls_6595b64144ccf1df_6.0.9600.18006_none_623f33d3ecbe86e8\COMCTL32.dll
0x00007ffe1fee0000 - 0x00007ffe1ff8a000 	C:\WINDOWS\system32\msvcrt.dll
0x00007ffe20270000 - 0x00007ffe202c9000 	C:\WINDOWS\SYSTEM32\sechost.dll
0x00007ffe1fa00000 - 0x00007ffe1fb41000 	C:\WINDOWS\system32\RPCRT4.dll
0x00007ffe1ffb0000 - 0x00007ffe20100000 	C:\WINDOWS\system32\GDI32.dll
0x00007ffe20230000 - 0x00007ffe20266000 	C:\WINDOWS\system32\IMM32.DLL
0x00007ffe1f5f0000 - 0x00007ffe1f742000 	C:\WINDOWS\system32\MSCTF.dll
0x000000005c860000 - 0x000000005c932000 	C:\Program Files\Android\Android Studio\jre\jre\bin\msvcr100.dll
0x000000005cbd0000 - 0x000000005d411000 	C:\Program Files\Android\Android Studio\jre\jre\bin\server\jvm.dll
0x00007ffe118a0000 - 0x00007ffe118a9000 	C:\WINDOWS\SYSTEM32\WSOCK32.dll
0x00007ffe183d0000 - 0x00007ffe183f2000 	C:\WINDOWS\SYSTEM32\WINMM.dll
0x00007ffe15930000 - 0x00007ffe1593a000 	C:\WINDOWS\SYSTEM32\VERSION.dll
0x00007ffe1fb50000 - 0x00007ffe1fb57000 	C:\WINDOWS\system32\PSAPI.DLL
0x00007ffe20480000 - 0x00007ffe204da000 	C:\WINDOWS\system32\WS2_32.dll
0x00007ffe183a0000 - 0x00007ffe183ca000 	C:\WINDOWS\SYSTEM32\WINMMBASE.dll
0x00007ffe1fc20000 - 0x00007ffe1fc29000 	C:\WINDOWS\system32\NSI.dll
0x00007ffe1d710000 - 0x00007ffe1d75f000 	C:\WINDOWS\SYSTEM32\cfgmgr32.dll
0x00007ffe1c430000 - 0x00007ffe1c458000 	C:\WINDOWS\SYSTEM32\DEVOBJ.dll
0x00007ffe1b970000 - 0x00007ffe1b97f000 	C:\Program Files\Android\Android Studio\jre\jre\bin\verify.dll
0x00007ffe1b900000 - 0x00007ffe1b929000 	C:\Program Files\Android\Android Studio\jre\jre\bin\java.dll
0x00007ffe1b950000 - 0x00007ffe1b966000 	C:\Program Files\Android\Android Studio\jre\jre\bin\zip.dll
0x00007ffe1df10000 - 0x00007ffe1f43a000 	C:\WINDOWS\system32\SHELL32.dll
0x00007ffe1dcf0000 - 0x00007ffe1df01000 	C:\WINDOWS\SYSTEM32\combase.dll
0x00007ffe20100000 - 0x00007ffe20154000 	C:\WINDOWS\system32\SHLWAPI.dll
0x00007ffe1bbb0000 - 0x00007ffe1bc62000 	C:\WINDOWS\SYSTEM32\SHCORE.dll
0x00007ffe1d640000 - 0x00007ffe1d655000 	C:\WINDOWS\SYSTEM32\profapi.dll
0x00007ffe1b8d0000 - 0x00007ffe1b8ea000 	C:\Program Files\Android\Android Studio\jre\jre\bin\net.dll
0x00007ffe1ce50000 - 0x00007ffe1cea9000 	C:\WINDOWS\system32\mswsock.dll
0x00007ffe19b80000 - 0x00007ffe19b91000 	C:\Program Files\Android\Android Studio\jre\jre\bin\nio.dll
0x00007ffe0f830000 - 0x00007ffe0f84e000 	C:\Users\Mich\.gradle\native\25\windows-amd64\native-platform.dll
0x00007ffe181c0000 - 0x00007ffe181cd000 	C:\Program Files\Android\Android Studio\jre\jre\bin\management.dll
0x00007ffe1ceb0000 - 0x00007ffe1ced0000 	C:\WINDOWS\SYSTEM32\CRYPTSP.dll
0x00007ffe1cad0000 - 0x00007ffe1cb06000 	C:\WINDOWS\system32\rsaenh.dll
0x00007ffe1d100000 - 0x00007ffe1d126000 	C:\WINDOWS\SYSTEM32\bcrypt.dll
0x00007ffe1cbe0000 - 0x00007ffe1cc01000 	C:\WINDOWS\SYSTEM32\USERENV.dll
0x00007ffe1d4a0000 - 0x00007ffe1d503000 	C:\WINDOWS\system32\bcryptprimitives.dll
0x00007ffe1d510000 - 0x00007ffe1d51b000 	C:\WINDOWS\SYSTEM32\CRYPTBASE.dll
0x00007ffe188b0000 - 0x00007ffe188da000 	C:\WINDOWS\SYSTEM32\IPHLPAPI.DLL
0x00007ffe18890000 - 0x00007ffe1889a000 	C:\WINDOWS\SYSTEM32\WINNSI.DLL
0x00007ffe18730000 - 0x00007ffe18746000 	C:\WINDOWS\SYSTEM32\dhcpcsvc6.DLL
0x00007ffe18710000 - 0x00007ffe1872a000 	C:\WINDOWS\SYSTEM32\dhcpcsvc.DLL
0x00007ffdfee40000 - 0x00007ffdfefc9000 	C:\WINDOWS\SYSTEM32\dbghelp.dll

VM Arguments:
jvm_args: -Xmx1536m -Dfile.encoding=windows-1252 -Duser.country=PH -Duser.language=en -Duser.variant 
java_command: org.gradle.launcher.daemon.bootstrap.GradleDaemon 4.6
java_class_path (initial): C:\Users\Mich\.gradle\wrapper\dists\gradle-4.6-all\bcst21l2brirad8k2ben1letg\gradle-4.6\lib\gradle-launcher-4.6.jar
Launcher Type: SUN_STANDARD

Environment Variables:
PATH=C:\Program Files (x86)\Common Files\Oracle\Java\javapath;C:\ProgramData\Oracle\Java\javapath;C:\Program Files (x86)\NVIDIA Corporation\PhysX\Common;C:\WINDOWS\system32;C:\WINDOWS;C:\WINDOWS\System32\Wbem;C:\WINDOWS\System32\WindowsPowerShell\v1.0\;C:\Program Files (x86)\Windows Live\Shared;C:\Program Files (x86)\Skype\Phone\
USERNAME=Mich
OS=Windows_NT
PROCESSOR_IDENTIFIER=Intel64 Family 6 Model 60 Stepping 3, GenuineIntel



---------------  S Y S T E M  ---------------

OS: Windows 8.1 , 64 bit Build 9600 (6.3.9600.17415)

CPU:total 8 (initial active 8) (4 cores per cpu, 2 threads per core) family 6 model 60 stepping 3, cmov, cx8, fxsr, mmx, sse, sse2, sse3, ssse3, sse4.1, sse4.2, popcnt, avx, avx2, aes, clmul, erms, rtm, lzcnt, ht, tsc, tscinvbit, bmi1, bmi2

Memory: 4k page, physical 8273124k(1854532k free), swap 16661732k(8885432k free)

vm_info: OpenJDK 64-Bit Server VM (25.152-b06) for windows-amd64 JRE (1.8.0_152-release-1136-b06), built by "builder" with MS VC++ 10.0 (VS2010)

time: Wed Feb 27 14:24:15 2019
elapsed time: 2 seconds (0d 0h 0m 2s)

